{"/var/www/Investigacion_pruebas/test.js":{"path":"/var/www/Investigacion_pruebas/test.js","s":{"1":1,"2":1,"3":1,"4":1,"5":1,"6":1,"7":0,"8":1,"9":1,"10":1,"11":1,"12":1,"13":1,"14":1,"15":1,"16":1,"17":1,"18":1,"19":1,"20":1,"21":1,"22":1,"23":1,"24":1,"25":1,"26":1,"27":1,"28":1,"29":1,"30":1,"31":1,"32":1,"33":1,"34":1,"35":1,"36":1,"37":1,"38":1,"39":1},"b":{},"f":{"1":0,"2":1,"3":1,"4":1,"5":1,"6":1,"7":1,"8":1,"9":1},"fnMap":{"1":{"name":"(anonymous_1)","line":13,"loc":{"start":{"line":13,"column":16},"end":{"line":13,"column":26}}},"2":{"name":"(anonymous_2)","line":20,"loc":{"start":{"line":20,"column":22},"end":{"line":20,"column":33}}},"3":{"name":"(anonymous_3)","line":22,"loc":{"start":{"line":22,"column":33},"end":{"line":22,"column":45}}},"4":{"name":"(anonymous_4)","line":30,"loc":{"start":{"line":30,"column":35},"end":{"line":30,"column":47}}},"5":{"name":"(anonymous_5)","line":38,"loc":{"start":{"line":38,"column":39},"end":{"line":38,"column":51}}},"6":{"name":"(anonymous_6)","line":48,"loc":{"start":{"line":48,"column":24},"end":{"line":48,"column":35}}},"7":{"name":"(anonymous_7)","line":50,"loc":{"start":{"line":50,"column":33},"end":{"line":50,"column":45}}},"8":{"name":"(anonymous_8)","line":58,"loc":{"start":{"line":58,"column":35},"end":{"line":58,"column":47}}},"9":{"name":"(anonymous_9)","line":66,"loc":{"start":{"line":66,"column":39},"end":{"line":66,"column":51}}}},"statementMap":{"1":{"start":{"line":4,"column":0},"end":{"line":4,"column":33}},"2":{"start":{"line":5,"column":0},"end":{"line":5,"column":29}},"3":{"start":{"line":6,"column":0},"end":{"line":6,"column":34}},"4":{"start":{"line":9,"column":0},"end":{"line":9,"column":38}},"5":{"start":{"line":10,"column":0},"end":{"line":10,"column":40}},"6":{"start":{"line":12,"column":0},"end":{"line":16,"column":2}},"7":{"start":{"line":14,"column":4},"end":{"line":14,"column":26}},"8":{"start":{"line":20,"column":0},"end":{"line":47,"column":3}},"9":{"start":{"line":22,"column":2},"end":{"line":29,"column":5}},"10":{"start":{"line":23,"column":4},"end":{"line":23,"column":50}},"11":{"start":{"line":25,"column":4},"end":{"line":25,"column":38}},"12":{"start":{"line":27,"column":4},"end":{"line":27,"column":33}},"13":{"start":{"line":28,"column":4},"end":{"line":28,"column":53}},"14":{"start":{"line":30,"column":4},"end":{"line":37,"column":5}},"15":{"start":{"line":31,"column":4},"end":{"line":31,"column":50}},"16":{"start":{"line":33,"column":4},"end":{"line":33,"column":38}},"17":{"start":{"line":35,"column":4},"end":{"line":35,"column":33}},"18":{"start":{"line":36,"column":4},"end":{"line":36,"column":53}},"19":{"start":{"line":38,"column":8},"end":{"line":45,"column":5}},"20":{"start":{"line":39,"column":4},"end":{"line":39,"column":50}},"21":{"start":{"line":41,"column":4},"end":{"line":41,"column":38}},"22":{"start":{"line":43,"column":4},"end":{"line":43,"column":33}},"23":{"start":{"line":44,"column":4},"end":{"line":44,"column":53}},"24":{"start":{"line":48,"column":0},"end":{"line":75,"column":3}},"25":{"start":{"line":50,"column":2},"end":{"line":57,"column":5}},"26":{"start":{"line":51,"column":4},"end":{"line":51,"column":50}},"27":{"start":{"line":53,"column":4},"end":{"line":53,"column":39}},"28":{"start":{"line":55,"column":4},"end":{"line":55,"column":33}},"29":{"start":{"line":56,"column":4},"end":{"line":56,"column":53}},"30":{"start":{"line":58,"column":4},"end":{"line":65,"column":5}},"31":{"start":{"line":59,"column":4},"end":{"line":59,"column":50}},"32":{"start":{"line":61,"column":4},"end":{"line":61,"column":39}},"33":{"start":{"line":63,"column":4},"end":{"line":63,"column":33}},"34":{"start":{"line":64,"column":4},"end":{"line":64,"column":53}},"35":{"start":{"line":66,"column":8},"end":{"line":73,"column":5}},"36":{"start":{"line":67,"column":4},"end":{"line":67,"column":50}},"37":{"start":{"line":69,"column":4},"end":{"line":69,"column":39}},"38":{"start":{"line":71,"column":4},"end":{"line":71,"column":33}},"39":{"start":{"line":72,"column":4},"end":{"line":72,"column":53}}},"branchMap":{}},"/var/www/Investigacion_pruebas/my-module.js":{"path":"/var/www/Investigacion_pruebas/my-module.js","s":{"1":1,"2":3,"3":3,"4":3,"5":1},"b":{},"f":{"1":3},"fnMap":{"1":{"name":"addTwo","line":5,"loc":{"start":{"line":5,"column":0},"end":{"line":5,"column":33}}}},"statementMap":{"1":{"start":{"line":5,"column":0},"end":{"line":10,"column":1}},"2":{"start":{"line":6,"column":2},"end":{"line":6,"column":37}},"3":{"start":{"line":7,"column":2},"end":{"line":7,"column":29}},"4":{"start":{"line":9,"column":2},"end":{"line":9,"column":17}},"5":{"start":{"line":12,"column":0},"end":{"line":12,"column":24}}},"branchMap":{}},"/var/www/Investigacion_pruebas/my-module2.js":{"path":"/var/www/Investigacion_pruebas/my-module2.js","s":{"1":1,"2":3,"3":3,"4":3,"5":1},"b":{},"f":{"1":3},"fnMap":{"1":{"name":"addTwo","line":5,"loc":{"start":{"line":5,"column":0},"end":{"line":5,"column":33}}}},"statementMap":{"1":{"start":{"line":5,"column":0},"end":{"line":10,"column":1}},"2":{"start":{"line":6,"column":2},"end":{"line":6,"column":37}},"3":{"start":{"line":7,"column":2},"end":{"line":7,"column":29}},"4":{"start":{"line":9,"column":2},"end":{"line":9,"column":17}},"5":{"start":{"line":12,"column":0},"end":{"line":12,"column":24}}},"branchMap":{}}}