TN:
SF:/var/www/Investigacion_pruebas/test.js
FN:13,(anonymous_1)
FN:20,(anonymous_2)
FN:22,(anonymous_3)
FN:30,(anonymous_4)
FN:38,(anonymous_5)
FN:48,(anonymous_6)
FN:50,(anonymous_7)
FN:58,(anonymous_8)
FN:66,(anonymous_9)
FNF:9
FNH:8
FNDA:0,(anonymous_1)
FNDA:1,(anonymous_2)
FNDA:1,(anonymous_3)
FNDA:1,(anonymous_4)
FNDA:1,(anonymous_5)
FNDA:1,(anonymous_6)
FNDA:1,(anonymous_7)
FNDA:1,(anonymous_8)
FNDA:1,(anonymous_9)
DA:4,1
DA:5,1
DA:6,1
DA:9,1
DA:10,1
DA:12,1
DA:14,0
DA:20,1
DA:22,1
DA:23,1
DA:25,1
DA:27,1
DA:28,1
DA:30,1
DA:31,1
DA:33,1
DA:35,1
DA:36,1
DA:38,1
DA:39,1
DA:41,1
DA:43,1
DA:44,1
DA:48,1
DA:50,1
DA:51,1
DA:53,1
DA:55,1
DA:56,1
DA:58,1
DA:59,1
DA:61,1
DA:63,1
DA:64,1
DA:66,1
DA:67,1
DA:69,1
DA:71,1
DA:72,1
LF:39
LH:38
BRF:0
BRH:0
end_of_record
TN:
SF:/var/www/Investigacion_pruebas/my-module.js
FN:5,addTwo
FNF:1
FNH:1
FNDA:3,addTwo
DA:5,1
DA:6,3
DA:7,3
DA:9,3
DA:12,1
LF:5
LH:5
BRF:0
BRH:0
end_of_record
TN:
SF:/var/www/Investigacion_pruebas/my-module2.js
FN:5,addTwo
FNF:1
FNH:1
FNDA:3,addTwo
DA:5,1
DA:6,3
DA:7,3
DA:9,3
DA:12,1
LF:5
LH:5
BRF:0
BRH:0
end_of_record
